Build started 2014-03-28 13:30:26.
     1>Project "C:\Users\Aron\prTracer\windows\prTracer.vcxproj" on node 2 (Build target(s)).
     1>ClCompile:
         C:\Program Files (x86)\Microsoft Visual Studio 12.0\VC\bin\CL.exe /c /Zi /nologo /W3 /WX- /O2 /Oi /Oy- /GL /D _SCL_SECURE_NO_WARNINGS /D WIN32 /D NDEBUG /D _CONSOLE /D _MBCS /D _CRT_SECURE_NO_WARNINGS /Gm- /EHsc /MD /GS /Gy /fp:precise /Zc:wchar_t /Zc:forScope /Fo"Release\\" /Fd"Release\vc120.pdb" /Gd /TP /analyze- /errorReport:prompt ..\src\main.cpp
         main.cpp
       Link:
         C:\Program Files (x86)\Microsoft Visual Studio 12.0\VC\bin\link.exe /ERRORREPORT:PROMPT /OUT:"C:\Users\Aron\prTracer\windows\Release\prTracer.exe" /INCREMENTAL:NO /NOLOGO kernel32.lib user32.lib gdi32.lib winspool.lib comdlg32.lib advapi32.lib shell32.lib ole32.lib oleaut32.lib uuid.lib odbc32.lib odbccp32.lib /MANIFEST /MANIFESTUAC:"level='asInvoker' uiAccess='false'" /manifest:embed /DEBUG /PDB:"C:\Users\Aron\prTracer\windows\Release\prTracer.pdb" /SUBSYSTEM:CONSOLE /OPT:REF /OPT:ICF /LTCG /TLBID:1 /DYNAMICBASE /NXCOMPAT /IMPLIB:"C:\Users\Aron\prTracer\windows\Release\prTracer.lib" /MACHINE:X86 /SAFESEH /ignore:4204 Release\aabb.obj
         Release\camera.obj
         Release\color.obj
         Release\diffuse.obj
         Release\image.obj
         Release\intersection.obj
         Release\lightprobe.obj
         Release\listaccelerator.obj
         Release\lodepng.obj
         Release\main.obj
         Release\matrix.obj
         Release\mesh.obj
         Release\node.obj
         Release\pfm_input_file.obj
         Release\pfm_output_file.obj
         Release\phong.obj
         Release\pointlight.obj
         Release\primitive.obj
         Release\raytracer.obj
         Release\scene.obj
         Release\sphere.obj
         Release\texture.obj
         Release\triangle.obj
         Release\whittedtracer.obj
         Generating code
         Finished generating code
         prTracer.vcxproj -> C:\Users\Aron\prTracer\windows\Release\prTracer.exe
     1>Done Building Project "C:\Users\Aron\prTracer\windows\prTracer.vcxproj" (Build target(s)).

Build succeeded.

Time Elapsed 00:00:04.59
