Build started 2014-03-28 10:59:44.
     1>Project "C:\Users\Aron\prTracer\windows\prTracer.vcxproj" on node 2 (Build target(s)).
     1>ClCompile:
         C:\Program Files (x86)\Microsoft Visual Studio 12.0\VC\bin\CL.exe /c /ZI /nologo /W3 /WX- /Od /Oy- /D _SCL_SECURE_NO_WARNINGS /D WIN32 /D _DEBUG /D _CONSOLE /D _MBCS /D _CRT_SECURE_NO_WARNINGS /Gm /EHsc /RTC1 /MDd /GS /fp:precise /Zc:wchar_t /Zc:forScope /Fo"Debug\\" /Fd"Debug\vc120.pdb" /Gd /TP /analyze- /errorReport:prompt ..\src\triangle.cpp
         triangle.cpp
       Link:
         C:\Program Files (x86)\Microsoft Visual Studio 12.0\VC\bin\link.exe /ERRORREPORT:PROMPT /OUT:"C:\Users\Aron\prTracer\windows\Debug\prTracer.exe" /INCREMENTAL:NO /NOLOGO kernel32.lib user32.lib gdi32.lib winspool.lib comdlg32.lib advapi32.lib shell32.lib ole32.lib oleaut32.lib uuid.lib odbc32.lib odbccp32.lib /MANIFEST /MANIFESTUAC:"level='asInvoker' uiAccess='false'" /manifest:embed /DEBUG /PDB:"C:\Users\Aron\prTracer\windows\Debug\prTracer.pdb" /SUBSYSTEM:CONSOLE /TLBID:1 /DYNAMICBASE /NXCOMPAT /IMPLIB:"C:\Users\Aron\prTracer\windows\Debug\prTracer.lib" /MACHINE:X86 /ignore:4204 Debug\aabb.obj
         Debug\camera.obj
         Debug\color.obj
         Debug\diffuse.obj
         Debug\image.obj
         Debug\intersection.obj
         Debug\lightprobe.obj
         Debug\listaccelerator.obj
         Debug\lodepng.obj
         Debug\main.obj
         Debug\matrix.obj
         Debug\mesh.obj
         Debug\node.obj
         Debug\pfm_input_file.obj
         Debug\pfm_output_file.obj
         Debug\phong.obj
         Debug\pointlight.obj
         Debug\primitive.obj
         Debug\raytracer.obj
         Debug\scene.obj
         Debug\sphere.obj
         Debug\texture.obj
         Debug\triangle.obj
         Debug\whittedtracer.obj
     1>aabb.obj : warning LNK4075: ignoring '/EDITANDCONTINUE' due to '/OPT:LBR' specification
         prTracer.vcxproj -> C:\Users\Aron\prTracer\windows\Debug\prTracer.exe
     1>Done Building Project "C:\Users\Aron\prTracer\windows\prTracer.vcxproj" (Build target(s)).

Build succeeded.

Time Elapsed 00:00:01.21
