C:\USERS\ARON\PRTRACER\WINDOWS\DEBUG\AABB.OBJ
C:\USERS\ARON\PRTRACER\WINDOWS\DEBUG\CAMERA.OBJ
C:\Users\Aron\prTracer\windows\Debug\cl.command.1.tlog
C:\Users\Aron\prTracer\windows\Debug\CL.read.1.tlog
C:\Users\Aron\prTracer\windows\Debug\CL.write.1.tlog
C:\USERS\ARON\PRTRACER\WINDOWS\DEBUG\COLOR.OBJ
C:\USERS\ARON\PRTRACER\WINDOWS\DEBUG\DIFFUSE.OBJ
C:\USERS\ARON\PRTRACER\WINDOWS\DEBUG\IMAGE.OBJ
C:\USERS\ARON\PRTRACER\WINDOWS\DEBUG\INTERSECTION.OBJ
C:\USERS\ARON\PRTRACER\WINDOWS\DEBUG\LIGHTPROBE.OBJ
C:\Users\Aron\prTracer\windows\Debug\link.command.1.tlog
C:\Users\Aron\prTracer\windows\Debug\link.read.1.tlog
C:\Users\Aron\prTracer\windows\Debug\link.write.1.tlog
C:\USERS\ARON\PRTRACER\WINDOWS\DEBUG\LISTACCELERATOR.OBJ
C:\USERS\ARON\PRTRACER\WINDOWS\DEBUG\LODEPNG.OBJ
C:\USERS\ARON\PRTRACER\WINDOWS\DEBUG\MAIN.OBJ
C:\USERS\ARON\PRTRACER\WINDOWS\DEBUG\MATRIX.OBJ
C:\USERS\ARON\PRTRACER\WINDOWS\DEBUG\MESH.OBJ
C:\USERS\ARON\PRTRACER\WINDOWS\DEBUG\NODE.OBJ
C:\USERS\ARON\PRTRACER\WINDOWS\DEBUG\PFM_INPUT_FILE.OBJ
C:\USERS\ARON\PRTRACER\WINDOWS\DEBUG\PFM_OUTPUT_FILE.OBJ
C:\USERS\ARON\PRTRACER\WINDOWS\DEBUG\POINTLIGHT.OBJ
C:\USERS\ARON\PRTRACER\WINDOWS\DEBUG\PRIMITIVE.OBJ
C:\Users\Aron\prTracer\windows\Debug\prTracer.exe.embed.manifest
C:\USERS\ARON\PRTRACER\WINDOWS\DEBUG\PRTRACER.EXE.EMBED.MANIFEST.RES
C:\Users\Aron\prTracer\windows\Debug\prTracer.vcxprojResolveAssemblyReference.cache
C:\Users\Aron\prTracer\windows\Debug\prTracer.write.1.tlog
C:\Users\Aron\prTracer\windows\Debug\prTracer_manifest.rc
C:\USERS\ARON\PRTRACER\WINDOWS\DEBUG\RAYTRACER.OBJ
C:\Users\Aron\prTracer\windows\Debug\rc.command.1.tlog
C:\Users\Aron\prTracer\windows\Debug\rc.read.1.tlog
C:\Users\Aron\prTracer\windows\Debug\rc.write.1.tlog
C:\USERS\ARON\PRTRACER\WINDOWS\DEBUG\SCENE.OBJ
C:\USERS\ARON\PRTRACER\WINDOWS\DEBUG\SPHERE.OBJ
C:\USERS\ARON\PRTRACER\WINDOWS\DEBUG\TEXTURE.OBJ
C:\USERS\ARON\PRTRACER\WINDOWS\DEBUG\TRIANGLE.OBJ
C:\Users\Aron\prTracer\windows\Debug\vc100.idb
C:\USERS\ARON\PRTRACER\WINDOWS\DEBUG\VC100.PDB
C:\USERS\ARON\PRTRACER\WINDOWS\DEBUG\WHITTEDTRACER.OBJ
